Info: Starting: Create block symbol file (.bsf)
Info: ip-generate --project-directory="D:/UOP/Academics/7th Semester/CO503 - Advanced Embedded Systems/Labs/Lab 01/JSoC/" --output-directory="D:/UOP/Academics/7th Semester/CO503 - Advanced Embedded Systems/Labs/Lab 01/JSoC/SoC/" --report-file="bsf:D:/UOP/Academics/7th Semester/CO503 - Advanced Embedded Systems/Labs/Lab 01/JSoC/SoC.bsf" --system-info=DEVICE_FAMILY="Cyclone IV E" --system-info=DEVICE=EP4CE115F29C7 --system-info=DEVICE_SPEEDGRADE=7 --component-file="D:/UOP/Academics/7th Semester/CO503 - Advanced Embedded Systems/Labs/Lab 01/JSoC/SoC.qsys"
Progress: Loading JSoC/SoC.qsys
Progress: Reading input file
Progress: Adding clock [clock_source 13.1]
Progress: Parameterizing module clock
Progress: Adding sdram_controller [altera_avalon_new_sdram_controller 13.1]
Progress: Parameterizing module sdram_controller
Progress: Adding nios2_qsys_0 [altera_nios2_qsys 13.1]
Progress: Parameterizing module nios2_qsys_0
Progress: Adding jtag_uart [altera_avalon_jtag_uart 13.1]
Progress: Parameterizing module jtag_uart
Progress: Adding timer [altera_avalon_timer 13.1]
Progress: Parameterizing module timer
Progress: Adding sysid [altera_avalon_sysid_qsys 13.1]
Progress: Parameterizing module sysid
Progress: Adding led_out [altera_avalon_pio 13.1]
Progress: Parameterizing module led_out
Progress: Building connections
Progress: Parameterizing connections
Progress: Validating
Progress: Done reading input file
Info: SoC.sysid: System ID is not assigned automatically. Edit the System ID parameter to provide a unique ID
Info: SoC.sysid: Time stamp will be automatically updated when this component is generated.
Info: ip-generate succeeded.
Info: Finished: Create block symbol file (.bsf)
Info: 
Info: Starting: Create HDL design files for synthesis
Info: ip-generate --project-directory="D:/UOP/Academics/7th Semester/CO503 - Advanced Embedded Systems/Labs/Lab 01/JSoC/" --output-directory="D:/UOP/Academics/7th Semester/CO503 - Advanced Embedded Systems/Labs/Lab 01/JSoC/SoC/synthesis/" --file-set=QUARTUS_SYNTH --report-file="html:D:/UOP/Academics/7th Semester/CO503 - Advanced Embedded Systems/Labs/Lab 01/JSoC/SoC.html" --report-file="sopcinfo:D:/UOP/Academics/7th Semester/CO503 - Advanced Embedded Systems/Labs/Lab 01/JSoC/SoC.sopcinfo" --report-file="cmp:D:/UOP/Academics/7th Semester/CO503 - Advanced Embedded Systems/Labs/Lab 01/JSoC/SoC.cmp" --report-file="qip:D:/UOP/Academics/7th Semester/CO503 - Advanced Embedded Systems/Labs/Lab 01/JSoC/SoC/synthesis/SoC.qip" --report-file=svd --report-file="regmap:D:/UOP/Academics/7th Semester/CO503 - Advanced Embedded Systems/Labs/Lab 01/JSoC/SoC/synthesis/SoC.regmap" --report-file="debuginfo:D:/UOP/Academics/7th Semester/CO503 - Advanced Embedded Systems/Labs/Lab 01/JSoC/SoC/synthesis/SoC.debuginfo" --system-info=DEVICE_FAMILY="Cyclone IV E" --system-info=DEVICE=EP4CE115F29C7 --system-info=DEVICE_SPEEDGRADE=7 --component-file="D:/UOP/Academics/7th Semester/CO503 - Advanced Embedded Systems/Labs/Lab 01/JSoC/SoC.qsys" --language=VERILOG
Progress: Loading JSoC/SoC.qsys
Progress: Reading input file
Progress: Adding clock [clock_source 13.1]
Progress: Parameterizing module clock
Progress: Adding sdram_controller [altera_avalon_new_sdram_controller 13.1]
Progress: Parameterizing module sdram_controller
Progress: Adding nios2_qsys_0 [altera_nios2_qsys 13.1]
Progress: Parameterizing module nios2_qsys_0
Progress: Adding jtag_uart [altera_avalon_jtag_uart 13.1]
Progress: Parameterizing module jtag_uart
Progress: Adding timer [altera_avalon_timer 13.1]
Progress: Parameterizing module timer
Progress: Adding sysid [altera_avalon_sysid_qsys 13.1]
Progress: Parameterizing module sysid
Progress: Adding led_out [altera_avalon_pio 13.1]
Progress: Parameterizing module led_out
Progress: Building connections
Progress: Parameterizing connections
Progress: Validating
Progress: Done reading input file
Info: SoC.sysid: System ID is not assigned automatically. Edit the System ID parameter to provide a unique ID
Info: SoC.sysid: Time stamp will be automatically updated when this component is generated.
Info: SoC: Generating SoC "SoC" for QUARTUS_SYNTH
Info: pipeline_bridge_swap_transform: After transform: 7 modules, 28 connections
Info: No custom instruction connections, skipping transform 
Info: merlin_initial_interconnect_transform: After transform: 7 modules, 26 connections
Info: merlin_translator_transform: After transform: 15 modules, 58 connections
Info: merlin_domain_transform: After transform: 30 modules, 158 connections
Info: merlin_router_transform: After transform: 38 modules, 190 connections
Info: merlin_traffic_limiter_transform: After transform: 39 modules, 195 connections
Info: merlin_network_to_switch_transform: After transform: 54 modules, 235 connections
Info: limiter_update_transform: After transform: 54 modules, 236 connections
Info: merlin_clock_and_reset_bridge_transform: After transform: 56 modules, 291 connections
Info: merlin_hierarchy_transform: After transform: 8 modules, 31 connections
Info: merlin_mm_transform: After transform: 8 modules, 31 connections
Info: merlin_interrupt_mapper_transform: After transform: 9 modules, 35 connections
Info: reset_adaptation_transform: After transform: 11 modules, 38 connections
Info: sdram_controller: Starting RTL generation for module 'SoC_sdram_controller'
Info: sdram_controller:   Generation command is [exec C:/altera/13.1/quartus/bin/perl/bin/perl.exe -I C:/altera/13.1/quartus/bin/perl/lib -I C:/altera/13.1/quartus/sopc_builder/bin/europa -I C:/altera/13.1/quartus/sopc_builder/bin/perl_lib -I C:/altera/13.1/quartus/sopc_builder/bin -I C:/altera/13.1/quartus/../ip/altera/sopc_builder_ip/common -I C:/altera/13.1/quartus/../ip/altera/sopc_builder_ip/altera_avalon_new_sdram_controller -- C:/altera/13.1/quartus/../ip/altera/sopc_builder_ip/altera_avalon_new_sdram_controller/generate_rtl.pl --name=SoC_sdram_controller --dir=C:/Users/lenovo/AppData/Local/Temp/alt0430_6372267373406876651.dir/0001_sdram_controller_gen/ --quartus_dir=C:/altera/13.1/quartus --verilog --config=C:/Users/lenovo/AppData/Local/Temp/alt0430_6372267373406876651.dir/0001_sdram_controller_gen//SoC_sdram_controller_component_configuration.pl  --do_build_sim=0  ]
Info: sdram_controller: Done RTL generation for module 'SoC_sdram_controller'
Info: sdram_controller: "SoC" instantiated altera_avalon_new_sdram_controller "sdram_controller"
Info: nios2_qsys_0: Starting RTL generation for module 'SoC_nios2_qsys_0'
Info: nios2_qsys_0:   Generation command is [exec C:/altera/13.1/quartus/bin/eperlcmd.exe -I C:/altera/13.1/quartus/bin/perl/lib -I C:/altera/13.1/quartus/sopc_builder/bin/europa -I C:/altera/13.1/quartus/sopc_builder/bin/perl_lib -I C:/altera/13.1/quartus/sopc_builder/bin -I C:/altera/13.1/quartus/../ip/altera/nios2_ip/altera_nios2/cpu_lib -I C:/altera/13.1/quartus/../ip/altera/nios2_ip/altera_nios2/nios_lib -I C:/altera/13.1/quartus/../ip/altera/nios2_ip/altera_nios2 -I C:/altera/13.1/quartus/../ip/altera/nios2_ip/altera_nios2 -- C:/altera/13.1/quartus/../ip/altera/nios2_ip/altera_nios2/generate_rtl.epl --name=SoC_nios2_qsys_0 --dir=C:/Users/lenovo/AppData/Local/Temp/alt0430_6372267373406876651.dir/0002_nios2_qsys_0_gen/ --quartus_dir=C:/altera/13.1/quartus --verilog --config=C:/Users/lenovo/AppData/Local/Temp/alt0430_6372267373406876651.dir/0002_nios2_qsys_0_gen//SoC_nios2_qsys_0_processor_configuration.pl  --do_build_sim=0  ]
Info: nios2_qsys_0: # 2025.12.08 13:27:52 (*) Starting Nios II generation
Info: nios2_qsys_0: # 2025.12.08 13:27:52 (*)   Checking for plaintext license.
Info: nios2_qsys_0: # 2025.12.08 13:27:53 (*)   Couldn't query license setup in Quartus directory C:/altera/13.1/quartus
Info: nios2_qsys_0: # 2025.12.08 13:27:53 (*)   Defaulting to contents of LM_LICENSE_FILE environment variable
Info: nios2_qsys_0: # 2025.12.08 13:27:53 (*)   LM_LICENSE_FILE environment variable is empty
Info: nios2_qsys_0: # 2025.12.08 13:27:53 (*)   Plaintext license not found.
Info: nios2_qsys_0: # 2025.12.08 13:27:53 (*)   Checking for encrypted license (non-evaluation).
Info: nios2_qsys_0: # 2025.12.08 13:27:54 (*)   Couldn't query license setup in Quartus directory C:/altera/13.1/quartus
Info: nios2_qsys_0: # 2025.12.08 13:27:54 (*)   Defaulting to contents of LM_LICENSE_FILE environment variable
Info: nios2_qsys_0: # 2025.12.08 13:27:54 (*)   LM_LICENSE_FILE environment variable is empty
Info: nios2_qsys_0: # 2025.12.08 13:27:54 (*)   Encrypted license not found.  Defaulting to OCP evaluation license (produces a time-limited SOF)
Info: nios2_qsys_0: # 2025.12.08 13:27:54 (*)   Elaborating CPU configuration settings
Info: nios2_qsys_0: # 2025.12.08 13:27:54 (*)   Creating all objects for CPU
Info: nios2_qsys_0: # 2025.12.08 13:27:54 (*)     Pipeline frontend
Info: nios2_qsys_0: # 2025.12.08 13:27:55 (*)   Generating RTL from CPU objects
Info: nios2_qsys_0: # 2025.12.08 13:27:57 (*)   Creating encrypted RTL
Info: nios2_qsys_0: # 2025.12.08 13:27:58 (*) Done Nios II generation
Info: nios2_qsys_0: Done RTL generation for module 'SoC_nios2_qsys_0'
Info: nios2_qsys_0: "SoC" instantiated altera_nios2_qsys "nios2_qsys_0"
Info: jtag_uart: Starting RTL generation for module 'SoC_jtag_uart'
Info: jtag_uart:   Generation command is [exec C:/altera/13.1/quartus/bin/perl/bin/perl.exe -I C:/altera/13.1/quartus/bin/perl/lib -I C:/altera/13.1/quartus/sopc_builder/bin/europa -I C:/altera/13.1/quartus/sopc_builder/bin/perl_lib -I C:/altera/13.1/quartus/sopc_builder/bin -I C:/altera/13.1/quartus/../ip/altera/sopc_builder_ip/common -I C:/altera/13.1/quartus/../ip/altera/sopc_builder_ip/altera_avalon_jtag_uart -- C:/altera/13.1/quartus/../ip/altera/sopc_builder_ip/altera_avalon_jtag_uart/generate_rtl.pl --name=SoC_jtag_uart --dir=C:/Users/lenovo/AppData/Local/Temp/alt0430_6372267373406876651.dir/0003_jtag_uart_gen/ --quartus_dir=C:/altera/13.1/quartus --verilog --config=C:/Users/lenovo/AppData/Local/Temp/alt0430_6372267373406876651.dir/0003_jtag_uart_gen//SoC_jtag_uart_component_configuration.pl  --do_build_sim=0  ]
Info: jtag_uart: Done RTL generation for module 'SoC_jtag_uart'
Info: jtag_uart: "SoC" instantiated altera_avalon_jtag_uart "jtag_uart"
Info: timer: Starting RTL generation for module 'SoC_timer'
Info: timer:   Generation command is [exec C:/altera/13.1/quartus/bin//perl/bin/perl.exe -I C:/altera/13.1/quartus/bin//perl/lib -I C:/altera/13.1/quartus/sopc_builder/bin/europa -I C:/altera/13.1/quartus/sopc_builder/bin/perl_lib -I C:/altera/13.1/quartus/sopc_builder/bin -I C:/altera/13.1/quartus/../ip/altera/sopc_builder_ip/common -I C:/altera/13.1/quartus/../ip/altera/sopc_builder_ip/altera_avalon_timer -- C:/altera/13.1/quartus/../ip/altera/sopc_builder_ip/altera_avalon_timer/generate_rtl.pl --name=SoC_timer --dir=C:/Users/lenovo/AppData/Local/Temp/alt0430_6372267373406876651.dir/0004_timer_gen/ --quartus_dir=C:/altera/13.1/quartus --verilog --config=C:/Users/lenovo/AppData/Local/Temp/alt0430_6372267373406876651.dir/0004_timer_gen//SoC_timer_component_configuration.pl  --do_build_sim=0  ]
Info: timer: Done RTL generation for module 'SoC_timer'
Info: timer: "SoC" instantiated altera_avalon_timer "timer"
Info: sysid: "SoC" instantiated altera_avalon_sysid_qsys "sysid"
Info: led_out: Starting RTL generation for module 'SoC_led_out'
Info: led_out:   Generation command is [exec C:/altera/13.1/quartus/bin/perl/bin/perl.exe -I C:/altera/13.1/quartus/bin/perl/lib -I C:/altera/13.1/quartus/sopc_builder/bin/europa -I C:/altera/13.1/quartus/sopc_builder/bin/perl_lib -I C:/altera/13.1/quartus/sopc_builder/bin -I C:/altera/13.1/quartus/../ip/altera/sopc_builder_ip/common -I C:/altera/13.1/quartus/../ip/altera/sopc_builder_ip/altera_avalon_pio -- C:/altera/13.1/quartus/../ip/altera/sopc_builder_ip/altera_avalon_pio/generate_rtl.pl --name=SoC_led_out --dir=C:/Users/lenovo/AppData/Local/Temp/alt0430_6372267373406876651.dir/0006_led_out_gen/ --quartus_dir=C:/altera/13.1/quartus --verilog --config=C:/Users/lenovo/AppData/Local/Temp/alt0430_6372267373406876651.dir/0006_led_out_gen//SoC_led_out_component_configuration.pl  --do_build_sim=0  ]
Info: led_out: Done RTL generation for module 'SoC_led_out'
Info: led_out: "SoC" instantiated altera_avalon_pio "led_out"
Info: pipeline_bridge_swap_transform: After transform: 49 modules, 164 connections
Info: No custom instruction connections, skipping transform 
Info: merlin_initial_interconnect_transform: After transform: 0 modules, 0 connections
Info: No Avalon connections, skipping transform 
Info: merlin_hierarchy_transform: After transform: 49 modules, 164 connections
Info: merlin_initial_interconnect_transform: After transform: 0 modules, 0 connections
Info: No Avalon connections, skipping transform 
Info: merlin_hierarchy_transform: After transform: 49 modules, 164 connections
Info: merlin_initial_interconnect_transform: After transform: 0 modules, 0 connections
Info: No Avalon connections, skipping transform 
Info: merlin_hierarchy_transform: After transform: 49 modules, 164 connections
Info: merlin_initial_interconnect_transform: After transform: 0 modules, 0 connections
Info: No Avalon connections, skipping transform 
Info: merlin_hierarchy_transform: After transform: 49 modules, 164 connections
Info: merlin_initial_interconnect_transform: After transform: 0 modules, 0 connections
Info: No Avalon connections, skipping transform 
Info: merlin_hierarchy_transform: After transform: 49 modules, 164 connections
Info: merlin_initial_interconnect_transform: After transform: 0 modules, 0 connections
Info: No Avalon connections, skipping transform 
Info: merlin_hierarchy_transform: After transform: 49 modules, 164 connections
Info: merlin_initial_interconnect_transform: After transform: 0 modules, 0 connections
Info: No Avalon connections, skipping transform 
Info: merlin_hierarchy_transform: After transform: 49 modules, 164 connections
Info: merlin_initial_interconnect_transform: After transform: 0 modules, 0 connections
Info: No Avalon connections, skipping transform 
Info: merlin_hierarchy_transform: After transform: 49 modules, 164 connections
Info: mm_interconnect_0: "SoC" instantiated altera_merlin_interconnect_wrapper "mm_interconnect_0"
Info: irq_mapper: "SoC" instantiated altera_irq_mapper "irq_mapper"
Info: rst_controller: "SoC" instantiated altera_reset_controller "rst_controller"
Info: nios2_qsys_0_instruction_master_translator: "mm_interconnect_0" instantiated altera_merlin_master_translator "nios2_qsys_0_instruction_master_translator"
Info: nios2_qsys_0_jtag_debug_module_translator: "mm_interconnect_0" instantiated altera_merlin_slave_translator "nios2_qsys_0_jtag_debug_module_translator"
Info: nios2_qsys_0_instruction_master_translator_avalon_universal_master_0_agent: "mm_interconnect_0" instantiated altera_merlin_master_agent "nios2_qsys_0_instruction_master_translator_avalon_universal_master_0_agent"
Info: nios2_qsys_0_jtag_debug_module_translator_avalon_universal_slave_0_agent: "mm_interconnect_0" instantiated altera_merlin_slave_agent "nios2_qsys_0_jtag_debug_module_translator_avalon_universal_slave_0_agent"
Info: nios2_qsys_0_jtag_debug_module_translator_avalon_universal_slave_0_agent_rsp_fifo: "mm_interconnect_0" instantiated altera_avalon_sc_fifo "nios2_qsys_0_jtag_debug_module_translator_avalon_universal_slave_0_agent_rsp_fifo"
Info: addr_router: "mm_interconnect_0" instantiated altera_merlin_router "addr_router"
Info: addr_router_001: "mm_interconnect_0" instantiated altera_merlin_router "addr_router_001"
Info: id_router: "mm_interconnect_0" instantiated altera_merlin_router "id_router"
Info: id_router_002: "mm_interconnect_0" instantiated altera_merlin_router "id_router_002"
Info: limiter: "mm_interconnect_0" instantiated altera_merlin_traffic_limiter "limiter"
Info: Reusing file D:/UOP/Academics/7th Semester/CO503 - Advanced Embedded Systems/Labs/Lab 01/JSoC/SoC/synthesis/submodules/altera_avalon_sc_fifo.v
Info: cmd_xbar_demux: "mm_interconnect_0" instantiated altera_merlin_demultiplexer "cmd_xbar_demux"
Info: cmd_xbar_demux_001: "mm_interconnect_0" instantiated altera_merlin_demultiplexer "cmd_xbar_demux_001"
Info: cmd_xbar_mux: "mm_interconnect_0" instantiated altera_merlin_multiplexer "cmd_xbar_mux"
Info: cmd_xbar_mux_002: "mm_interconnect_0" instantiated altera_merlin_multiplexer "cmd_xbar_mux_002"
Info: Reusing file D:/UOP/Academics/7th Semester/CO503 - Advanced Embedded Systems/Labs/Lab 01/JSoC/SoC/synthesis/submodules/altera_merlin_arbitrator.sv
Info: rsp_xbar_demux: "mm_interconnect_0" instantiated altera_merlin_demultiplexer "rsp_xbar_demux"
Info: rsp_xbar_demux_002: "mm_interconnect_0" instantiated altera_merlin_demultiplexer "rsp_xbar_demux_002"
Info: rsp_xbar_mux: "mm_interconnect_0" instantiated altera_merlin_multiplexer "rsp_xbar_mux"
Info: Reusing file D:/UOP/Academics/7th Semester/CO503 - Advanced Embedded Systems/Labs/Lab 01/JSoC/SoC/synthesis/submodules/altera_merlin_arbitrator.sv
Info: rsp_xbar_mux_001: "mm_interconnect_0" instantiated altera_merlin_multiplexer "rsp_xbar_mux_001"
Info: Reusing file D:/UOP/Academics/7th Semester/CO503 - Advanced Embedded Systems/Labs/Lab 01/JSoC/SoC/synthesis/submodules/altera_merlin_arbitrator.sv
Info: SoC: Done "SoC" with 28 modules, 45 files, 1025249 bytes
Info: ip-generate succeeded.
Info: Finished: Create HDL design files for synthesis
