
**** Build of configuration Nios II for project crc ****

make all 
      0 [main] sh 23652 find_fast_cwd: WARNING: Couldn't compute FAST_CWD pointer.  Please report this problem to
the public mailing list cygwin@cygwin.com
      0 [main] sh 3560 find_fast_cwd: WARNING: Couldn't compute FAST_CWD pointer.  Please report this problem to
the public mailing list cygwin@cygwin.com
      0 [main] echo 13492 find_fast_cwd: WARNING: Couldn't compute FAST_CWD pointer.  Please report this problem to
the public mailing list cygwin@cygwin.com
Info: Building ../crc_bsp/
make --no-print-directory -C ../crc_bsp/
      0 [main] pwd 20880 find_fast_cwd: WARNING: Couldn't compute FAST_CWD pointer.  Please report this problem to
the public mailing list cygwin@cygwin.com
      0 [main] sh 24944 find_fast_cwd: WARNING: Couldn't compute FAST_CWD pointer.  Please report this problem to
the public mailing list cygwin@cygwin.com
      0 [main] echo 19952 find_fast_cwd: WARNING: Couldn't compute FAST_CWD pointer.  Please report this problem to
the public mailing list cygwin@cygwin.com
Makefile not up to date.
      0 [main] echo 7048 find_fast_cwd: WARNING: Couldn't compute FAST_CWD pointer.  Please report this problem to
settings.bsp has been modified since the BSP Makefile was generated.
the public mailing list cygwin@cygwin.com
      0 [main] echo 1960 find_fast_cwd: WARNING: Couldn't compute FAST_CWD pointer.  Please report this problem to

the public mailing list cygwin@cygwin.com
      0 [main] echo 21252 find_fast_cwd: WARNING: Couldn't compute FAST_CWD pointer.  Please report this problem to
Generate the BSP to update the Makefile, and then build again.
the public mailing list cygwin@cygwin.com
      0 [main] echo 1380 find_fast_cwd: WARNING: Couldn't compute FAST_CWD pointer.  Please report this problem to

the public mailing list cygwin@cygwin.com
      0 [main] echo 5856 find_fast_cwd: WARNING: Couldn't compute FAST_CWD pointer.  Please report this problem to
the public mailing list cygwin@cygwin.com
To generate from Eclipse:
      0 [main] sh 3048 find_fast_cwd: WARNING: Couldn't compute FAST_CWD pointer.  Please report this problem to
the public mailing list cygwin@cygwin.com
 1. Right-click the BSP project.
      0 [main] sh 23392 find_fast_cwd: WARNING: Couldn't compute FAST_CWD pointer.  Please report this problem to
the public mailing list cygwin@cygwin.com
 2. In the Nios II Menu, click Generate BSP.
      0 [main] echo 20280 find_fast_cwd: WARNING: Couldn't compute FAST_CWD pointer.  Please report this problem to

the public mailing list cygwin@cygwin.com
      0 [main] echo 19892 find_fast_cwd: WARNING: Couldn't compute FAST_CWD pointer.  Please report this problem to
To generate from the command line:
the public mailing list cygwin@cygwin.com
      0 [main] sh 15252 find_fast_cwd: WARNING: Couldn't compute FAST_CWD pointer.  Please report this problem to
the public mailing list cygwin@cygwin.com
 nios2-bsp-generate-files --settings=<settings file> --bsp-dir=<target bsp files directory>
      0 [main] echo 9248 find_fast_cwd: WARNING: Couldn't compute FAST_CWD pointer.  Please report this problem to

the public mailing list cygwin@cygwin.com
      0 [main] sh 4432 find_fast_cwd: WARNING: Couldn't compute FAST_CWD pointer.  Please report this problem to
the public mailing list cygwin@cygwin.com
make[1]: *** [makefile] Error 1
make: *** [../crc_bsp/-recurs-make-lib] Error 2

**** Build Finished ****

**** Build of configuration Nios II for project crc ****

make all 
      1 [main] sh 3332 find_fast_cwd: WARNING: Couldn't compute FAST_CWD pointer.  Please report this problem to
the public mailing list cygwin@cygwin.com
      0 [main] sh 22476 find_fast_cwd: WARNING: Couldn't compute FAST_CWD pointer.  Please report this problem to
the public mailing list cygwin@cygwin.com
      0 [main] echo 21220 find_fast_cwd: WARNING: Couldn't compute FAST_CWD pointer.  Please report this problem to
Info: Building ../crc_bsp/
the public mailing list cygwin@cygwin.com
make --no-print-directory -C ../crc_bsp/
      1 [main] pwd 10928 find_fast_cwd: WARNING: Couldn't compute FAST_CWD pointer.  Please report this problem to
the public mailing list cygwin@cygwin.com
      0 [main] sh 16968 find_fast_cwd: WARNING: Couldn't compute FAST_CWD pointer.  Please report this problem to
the public mailing list cygwin@cygwin.com
      0 [main] echo 20268 find_fast_cwd: WARNING: Couldn't compute FAST_CWD pointer.  Please report this problem to
Makefile not up to date.
the public mailing list cygwin@cygwin.com
      0 [main] echo 19696 find_fast_cwd: WARNING: Couldn't compute FAST_CWD pointer.  Please report this problem to
settings.bsp has been modified since the BSP Makefile was generated.
the public mailing list cygwin@cygwin.com
      0 [main] echo 18012 find_fast_cwd: WARNING: Couldn't compute FAST_CWD pointer.  Please report this problem to

the public mailing list cygwin@cygwin.com
      0 [main] echo 11064 find_fast_cwd: WARNING: Couldn't compute FAST_CWD pointer.  Please report this problem to
Generate the BSP to update the Makefile, and then build again.
the public mailing list cygwin@cygwin.com
      0 [main] echo 23652 find_fast_cwd: WARNING: Couldn't compute FAST_CWD pointer.  Please report this problem to

the public mailing list cygwin@cygwin.com
      0 [main] echo 3560 find_fast_cwd: WARNING: Couldn't compute FAST_CWD pointer.  Please report this problem to
To generate from Eclipse:
the public mailing list cygwin@cygwin.com
      0 [main] sh 22680 find_fast_cwd: WARNING: Couldn't compute FAST_CWD pointer.  Please report this problem to
the public mailing list cygwin@cygwin.com
 1. Right-click the BSP project.
      0 [main] sh 20060 find_fast_cwd: WARNING: Couldn't compute FAST_CWD pointer.  Please report this problem to
the public mailing list cygwin@cygwin.com
 2. In the Nios II Menu, click Generate BSP.
      0 [main] echo 17672 find_fast_cwd: WARNING: Couldn't compute FAST_CWD pointer.  Please report this problem to

the public mailing list cygwin@cygwin.com
      0 [main] echo 25360 find_fast_cwd: WARNING: Couldn't compute FAST_CWD pointer.  Please report this problem to
To generate from the command line:
the public mailing list cygwin@cygwin.com
      0 [main] sh 25224 find_fast_cwd: WARNING: Couldn't compute FAST_CWD pointer.  Please report this problem to
the public mailing list cygwin@cygwin.com
 nios2-bsp-generate-files --settings=<settings file> --bsp-dir=<target bsp files directory>
      0 [main] echo 14524 find_fast_cwd: WARNING: Couldn't compute FAST_CWD pointer.  Please report this problem to

the public mailing list cygwin@cygwin.com
      0 [main] sh 25180 find_fast_cwd: WARNING: Couldn't compute FAST_CWD pointer.  Please report this problem to
the public mailing list cygwin@cygwin.com
make[1]: *** [makefile] Error 1
make: *** [../crc_bsp/-recurs-make-lib] Error 2

**** Build Finished ****

**** Build of configuration Nios II for project crc ****

make all 
      0 [main] sh 23644 find_fast_cwd: WARNING: Couldn't compute FAST_CWD pointer.  Please report this problem to
the public mailing list cygwin@cygwin.com
      0 [main] sh 25152 find_fast_cwd: WARNING: Couldn't compute FAST_CWD pointer.  Please report this problem to
the public mailing list cygwin@cygwin.com
      0 [main] echo 9632 find_fast_cwd: WARNING: Couldn't compute FAST_CWD pointer.  Please report this problem to
Info: Building ../crc_bsp/
the public mailing list cygwin@cygwin.com
make --no-print-directory -C ../crc_bsp/
      0 [main] pwd 24972 find_fast_cwd: WARNING: Couldn't compute FAST_CWD pointer.  Please report this problem to
the public mailing list cygwin@cygwin.com
      1 [main] sh 5780 find_fast_cwd: WARNING: Couldn't compute FAST_CWD pointer.  Please report this problem to
the public mailing list cygwin@cygwin.com
      0 [main] echo 24708 find_fast_cwd: WARNING: Couldn't compute FAST_CWD pointer.  Please report this problem to
Makefile not up to date.
the public mailing list cygwin@cygwin.com
      0 [main] echo 12076 find_fast_cwd: WARNING: Couldn't compute FAST_CWD pointer.  Please report this problem to
settings.bsp has been modified since the BSP Makefile was generated.
the public mailing list cygwin@cygwin.com
      0 [main] echo 22612 find_fast_cwd: WARNING: Couldn't compute FAST_CWD pointer.  Please report this problem to

the public mailing list cygwin@cygwin.com
      0 [main] echo 22044 find_fast_cwd: WARNING: Couldn't compute FAST_CWD pointer.  Please report this problem to
Generate the BSP to update the Makefile, and then build again.
the public mailing list cygwin@cygwin.com
      0 [main] echo 9356 find_fast_cwd: WARNING: Couldn't compute FAST_CWD pointer.  Please report this problem to

the public mailing list cygwin@cygwin.com
      0 [main] echo 25424 find_fast_cwd: WARNING: Couldn't compute FAST_CWD pointer.  Please report this problem to
To generate from Eclipse:
the public mailing list cygwin@cygwin.com
      1 [main] sh 19964 find_fast_cwd: WARNING: Couldn't compute FAST_CWD pointer.  Please report this problem to
the public mailing list cygwin@cygwin.com
 1. Right-click the BSP project.
      0 [main] sh 13536 find_fast_cwd: WARNING: Couldn't compute FAST_CWD pointer.  Please report this problem to
the public mailing list cygwin@cygwin.com
 2. In the Nios II Menu, click Generate BSP.
      0 [main] echo 25156 find_fast_cwd: WARNING: Couldn't compute FAST_CWD pointer.  Please report this problem to

the public mailing list cygwin@cygwin.com
      0 [main] echo 8144 find_fast_cwd: WARNING: Couldn't compute FAST_CWD pointer.  Please report this problem to
To generate from the command line:
the public mailing list cygwin@cygwin.com
      0 [main] sh 4980 find_fast_cwd: WARNING: Couldn't compute FAST_CWD pointer.  Please report this problem to
the public mailing list cygwin@cygwin.com
 nios2-bsp-generate-files --settings=<settings file> --bsp-dir=<target bsp files directory>
      0 [main] echo 15280 find_fast_cwd: WARNING: Couldn't compute FAST_CWD pointer.  Please report this problem to

the public mailing list cygwin@cygwin.com
      0 [main] sh 24380 find_fast_cwd: WARNING: Couldn't compute FAST_CWD pointer.  Please report this problem to
the public mailing list cygwin@cygwin.com
make[1]: *** [makefile] Error 1
make: *** [../crc_bsp/-recurs-make-lib] Error 2

**** Build Finished ****
